Build started 11/3/2015 02:02:22.
     1>Project "D:\Copy\08 Visual Studio Projects\PAW_OpenCV\PAW_OpenCV\PAW_OpenCV.vcxproj" on node 2 (Build target(s)).
     1>ClCompile:
         C:\Program Files (x86)\Microsoft Visual Studio 12.0\VC\bin\x86_amd64\CL.exe /c /ID:\OpenCV\build\install\include /I"D:\Program Files\MATLAB\R2014b\extern\include" /Zi /nologo /W3 /WX- /sdl /Od /D WIN32 /D _DEBUG /D _CONSOLE /D _LIB /D _UNICODE /D UNICODE /Gm /EHsc /RTC1 /MDd /GS /fp:precise /Zc:wchar_t /Zc:forScope /Fo"x64\Debug\\" /Fd"x64\Debug\vc120.pdb" /Gd /TP /errorReport:prompt PAW.cpp TIE.cpp convCUDA2.cpp dataRead.cpp dataSave.cpp main.cpp readRegVal.cpp shift.cpp shiftCUDA.cpp
         shiftCUDA.cpp
     1>D:\OpenCV\build\install\include\opencv2/core/mat.hpp(1965): warning C4819: The file contains a character that cannot be represented in the current code page (936). Save the file in Unicode format to prevent data loss
     1>D:\OpenCV\build\install\include\opencv2/core/persistence.hpp : warning C4819: The file contains a character that cannot be represented in the current code page (936). Save the file in Unicode format to prevent data loss
     1>D:\OpenCV\build\install\include\opencv2/core/utility.hpp : warning C4819: The file contains a character that cannot be represented in the current code page (936). Save the file in Unicode format to prevent data loss
     1>shiftCUDA.cpp(10): warning C4244: 'argument' : conversion from 'float' to 'int', possible loss of data
         shift.cpp
     1>D:\OpenCV\build\install\include\opencv2/core/mat.hpp(1965): warning C4819: The file contains a character that cannot be represented in the current code page (936). Save the file in Unicode format to prevent data loss
     1>D:\OpenCV\build\install\include\opencv2/core/persistence.hpp : warning C4819: The file contains a character that cannot be represented in the current code page (936). Save the file in Unicode format to prevent data loss
     1>D:\OpenCV\build\install\include\opencv2/core/utility.hpp : warning C4819: The file contains a character that cannot be represented in the current code page (936). Save the file in Unicode format to prevent data loss
     1>shift.cpp(9): warning C4244: 'argument' : conversion from 'float' to 'int', possible loss of data
         readRegVal.cpp
         main.cpp
     1>D:\OpenCV\build\install\include\opencv2/core/mat.hpp(1965): warning C4819: The file contains a character that cannot be represented in the current code page (936). Save the file in Unicode format to prevent data loss
     1>D:\OpenCV\build\install\include\opencv2/core/persistence.hpp : warning C4819: The file contains a character that cannot be represented in the current code page (936). Save the file in Unicode format to prevent data loss
     1>D:\OpenCV\build\install\include\opencv2/core/utility.hpp : warning C4819: The file contains a character that cannot be represented in the current code page (936). Save the file in Unicode format to prevent data loss
         dataSave.cpp
     1>D:\OpenCV\build\install\include\opencv2/core/mat.hpp(1965): warning C4819: The file contains a character that cannot be represented in the current code page (936). Save the file in Unicode format to prevent data loss
     1>D:\OpenCV\build\install\include\opencv2/core/persistence.hpp : warning C4819: The file contains a character that cannot be represented in the current code page (936). Save the file in Unicode format to prevent data loss
     1>D:\OpenCV\build\install\include\opencv2/core/utility.hpp : warning C4819: The file contains a character that cannot be represented in the current code page (936). Save the file in Unicode format to prevent data loss
         dataRead.cpp
     1>D:\OpenCV\build\install\include\opencv2/core/mat.hpp(1965): warning C4819: The file contains a character that cannot be represented in the current code page (936). Save the file in Unicode format to prevent data loss
     1>D:\OpenCV\build\install\include\opencv2/core/persistence.hpp : warning C4819: The file contains a character that cannot be represented in the current code page (936). Save the file in Unicode format to prevent data loss
     1>D:\OpenCV\build\install\include\opencv2/core/utility.hpp : warning C4819: The file contains a character that cannot be represented in the current code page (936). Save the file in Unicode format to prevent data loss
     1>dataRead.cpp(12): warning C4267: 'initializing' : conversion from 'size_t' to 'int', possible loss of data
     1>dataRead.cpp(13): warning C4267: 'initializing' : conversion from 'size_t' to 'int', possible loss of data
         convCUDA2.cpp
     1>D:\OpenCV\build\install\include\opencv2/core/mat.hpp(1965): warning C4819: The file contains a character that cannot be represented in the current code page (936). Save the file in Unicode format to prevent data loss
     1>D:\OpenCV\build\install\include\opencv2/core/persistence.hpp : warning C4819: The file contains a character that cannot be represented in the current code page (936). Save the file in Unicode format to prevent data loss
     1>D:\OpenCV\build\install\include\opencv2/core/utility.hpp : warning C4819: The file contains a character that cannot be represented in the current code page (936). Save the file in Unicode format to prevent data loss
         TIE.cpp
     1>D:\OpenCV\build\install\include\opencv2/core/mat.hpp(1965): warning C4819: The file contains a character that cannot be represented in the current code page (936). Save the file in Unicode format to prevent data loss
     1>D:\OpenCV\build\install\include\opencv2/core/persistence.hpp : warning C4819: The file contains a character that cannot be represented in the current code page (936). Save the file in Unicode format to prevent data loss
     1>D:\OpenCV\build\install\include\opencv2/core/utility.hpp : warning C4819: The file contains a character that cannot be represented in the current code page (936). Save the file in Unicode format to prevent data loss
     1>TIE.cpp(47): warning C4244: '=' : conversion from 'float' to 'int', possible loss of data
     1>TIE.cpp(48): warning C4244: '=' : conversion from 'float' to 'int', possible loss of data
     1>TIE.cpp(73): warning C4244: 'argument' : conversion from 'double' to 'int', possible loss of data
     1>TIE.cpp(75): warning C4244: 'argument' : conversion from 'double' to 'int', possible loss of data
     1>TIE.cpp(87): warning C4244: 'argument' : conversion from 'double' to 'int', possible loss of data
     1>TIE.cpp(88): warning C4244: 'argument' : conversion from 'double' to 'int', possible loss of data
     1>TIE.cpp(89): warning C4244: 'argument' : conversion from 'double' to 'int', possible loss of data
     1>TIE.cpp(101): warning C4244: 'argument' : conversion from 'float' to 'int', possible loss of data
     1>TIE.cpp(135): warning C4244: 'argument' : conversion from 'float' to 'int', possible loss of data
     1>TIE.cpp(137): warning C4244: 'argument' : conversion from 'float' to 'int', possible loss of data
     1>TIE.cpp(166): warning C4244: 'argument' : conversion from 'double' to 'int', possible loss of data
         PAW.cpp
     1>D:\OpenCV\build\install\include\opencv2/core/mat.hpp(1965): warning C4819: The file contains a character that cannot be represented in the current code page (936). Save the file in Unicode format to prevent data loss
     1>D:\OpenCV\build\install\include\opencv2/core/persistence.hpp : warning C4819: The file contains a character that cannot be represented in the current code page (936). Save the file in Unicode format to prevent data loss
     1>D:\OpenCV\build\install\include\opencv2/core/utility.hpp : warning C4819: The file contains a character that cannot be represented in the current code page (936). Save the file in Unicode format to prevent data loss
     1>PAW.cpp(18): warning C4244: '=' : conversion from 'float' to 'int', possible loss of data
     1>PAW.cpp(19): warning C4244: '=' : conversion from 'float' to 'int', possible loss of data
     1>PAW.cpp(73): warning C4244: 'argument' : conversion from 'float' to 'int', possible loss of data
     1>PAW.cpp(74): warning C4244: 'argument' : conversion from 'float' to 'int', possible loss of data
     1>PAW.cpp(75): warning C4244: 'argument' : conversion from 'float' to 'int', possible loss of data
     1>PAW.cpp(76): warning C4244: 'argument' : conversion from 'float' to 'int', possible loss of data
     1>PAW.cpp(120): warning C4244: 'argument' : conversion from 'float' to 'int', possible loss of data
     1>PAW.cpp(122): warning C4244: 'argument' : conversion from 'float' to 'int', possible loss of data
     1>PAW.cpp(151): warning C4244: 'argument' : conversion from 'double' to 'int', possible loss of data
         Generating Code...
       Link:
         C:\Program Files (x86)\Microsoft Visual Studio 12.0\VC\bin\x86_amd64\link.exe /ERRORREPORT:PROMPT /OUT:"D:\Copy\08 Visual Studio Projects\PAW_OpenCV\x64\Debug\PAW_OpenCV.exe" /INCREMENTAL /NOLOGO /LIBPATH:D:\OpenCV\build\install\x64\vc12\lib /LIBPATH:"D:\Program Files\MATLAB\R2014b\extern\lib\win64\microsoft" opencv_calib3d300d.lib opencv_core300d.lib opencv_cudaarithm300d.lib opencv_cudabgsegm300d.lib opencv_cudacodec300d.lib libmat.lib libmx.lib libmex.lib libeng.lib opencv_cudafeatures2d300d.lib opencv_cudafilters300d.lib opencv_cudaimgproc300d.lib opencv_cudalegacy300d.lib opencv_cudaobjdetect300d.lib opencv_cudaoptflow300d.lib opencv_cudastereo300d.lib opencv_cudawarping300d.lib opencv_cudev300d.lib opencv_features2d300d.lib opencv_flann300d.lib opencv_hal300d.lib opencv_highgui300d.lib opencv_imgcodecs300d.lib opencv_imgproc300d.lib opencv_ml300d.lib opencv_objdetect300d.lib opencv_photo300d.lib opencv_shape300d.lib opencv_stitching300d.lib opencv_superres300d.lib opencv_ts300d.lib opencv_video300d.lib opencv_videoio300d.lib opencv_videostab300d.lib kernel32.lib user32.lib gdi32.lib winspool.lib comdlg32.lib advapi32.lib shell32.lib ole32.lib oleaut32.lib uuid.lib odbc32.lib odbccp32.lib /MANIFEST /MANIFESTUAC:"level='asInvoker' uiAccess='false'" /manifest:embed /DEBUG /PDB:"D:\Copy\08 Visual Studio Projects\PAW_OpenCV\x64\Debug\PAW_OpenCV.pdb" /SUBSYSTEM:CONSOLE /TLBID:1 /DYNAMICBASE /NXCOMPAT /IMPLIB:"D:\Copy\08 Visual Studio Projects\PAW_OpenCV\x64\Debug\PAW_OpenCV.lib" /MACHINE:X64 x64\Debug\convCUDA2.obj
         x64\Debug\dataRead.obj
         x64\Debug\dataSave.obj
         x64\Debug\main.obj
         x64\Debug\PAW.obj
         x64\Debug\readRegVal.obj
         x64\Debug\shift.obj
         x64\Debug\shiftCUDA.obj
         x64\Debug\TIE.obj
         PAW_OpenCV.vcxproj -> D:\Copy\08 Visual Studio Projects\PAW_OpenCV\x64\Debug\PAW_OpenCV.exe
     1>Done Building Project "D:\Copy\08 Visual Studio Projects\PAW_OpenCV\PAW_OpenCV\PAW_OpenCV.vcxproj" (Build target(s)).

Build succeeded.

Time Elapsed 00:00:05.17
