d:\copy\08 visual studio projects\paw_opencv\paw_opencv\x64\release\vc120.pdb
d:\copy\08 visual studio projects\paw_opencv\paw_opencv\x64\release\paw_main.obj
d:\copy\08 visual studio projects\paw_opencv\paw_opencv\x64\release\paw.obj
d:\copy\08 visual studio projects\paw_opencv\paw_opencv\x64\release\main_complexmultiply.obj
d:\copy\08 visual studio projects\paw_opencv\paw_opencv\x64\release\dft_cuda_compare.obj
d:\copy\08 visual studio projects\paw_opencv\paw_opencv\x64\release\main_dft.obj
d:\copy\08 visual studio projects\paw_opencv\paw_opencv\x64\release\main_fourier_filter.obj
d:\copy\08 visual studio projects\paw_opencv\paw_opencv\x64\release\main_test.obj
d:\copy\08 visual studio projects\paw_opencv\paw_opencv\x64\release\readregval.obj
d:\copy\08 visual studio projects\paw_opencv\paw_opencv\x64\release\main_paw.obj
d:\copy\08 visual studio projects\paw_opencv\paw_opencv\x64\release\shiftcuda.obj
d:\copy\08 visual studio projects\paw_opencv\paw_opencv\x64\release\shift.obj
d:\copy\08 visual studio projects\paw_opencv\paw_opencv\x64\release\saveimage.obj
d:\copy\08 visual studio projects\paw_opencv\paw_opencv\x64\release\convcuda2.obj
d:\copy\08 visual studio projects\paw_opencv\paw_opencv\x64\release\tie.obj
d:\copy\08 visual studio projects\paw_opencv\paw_opencv\x64\release\main.obj
d:\copy\08 visual studio projects\paw_opencv\paw_opencv\x64\release\datasave.obj
d:\copy\08 visual studio projects\paw_opencv\paw_opencv\x64\release\dataread.obj
d:\copy\08 visual studio projects\paw_opencv\x64\release\paw_opencv.exe
d:\copy\08 visual studio projects\paw_opencv\x64\release\paw_opencv.pdb
d:\copy\08 visual studio projects\paw_opencv\paw_opencv\x64\release\paw (1).obj
d:\copy\08 visual studio projects\paw_opencv\paw_opencv\x64\release\paw_opencv.tlog\cl.command.1.tlog
d:\copy\08 visual studio projects\paw_opencv\paw_opencv\x64\release\paw_opencv.tlog\cl.read.1.tlog
d:\copy\08 visual studio projects\paw_opencv\paw_opencv\x64\release\paw_opencv.tlog\cl.write.1.tlog
d:\copy\08 visual studio projects\paw_opencv\paw_opencv\x64\release\paw_opencv.tlog\link.command.1.tlog
d:\copy\08 visual studio projects\paw_opencv\paw_opencv\x64\release\paw_opencv.tlog\link.read.1.tlog
d:\copy\08 visual studio projects\paw_opencv\paw_opencv\x64\release\paw_opencv.tlog\link.write.1.tlog
